<?xml version="1.0" encoding="UTF-8"?>
<!-- Generated by org.testng.reporters.JUnitXMLReporter -->
<testsuite ignored="0" hostname="DESKTOP-Q8CTQTS" failures="2" tests="9" name="Test" time="102.584" errors="0" timestamp="2024-02-28T20:45:50 EST">
  <testcase classname="com.facebook.qa.testcases.FLoginPageTest" name="loginPageTitleTest" time="0.019"/>
  <testcase classname="com.facebook.qa.testcases.FLoginPageTest" name="facebookLogoImageTest" time="0.06"/>
  <testcase classname="com.facebook.qa.testcases.FLoginPageTest" name="loginTest" time="0.169"/>
  <testcase classname="com.facebook.qa.testcases.HomePageTest" name="verifyHomePageTitleTest" time="0.008">
    <failure type="java.lang.AssertionError" message="Home page title not matched expected [Facebook] but found [(4) Facebook]">
      <![CDATA[java.lang.AssertionError: Home page title not matched expected [Facebook] but found [(4) Facebook]
at com.facebook.qa.testcases.HomePageTest.verifyHomePageTitleTest(HomePageTest.java:38)
at java.base/java.util.ArrayList.forEach(ArrayList.java:1511)
... Removed 32 stack frames]]>
    </failure>
  </testcase> <!-- verifyHomePageTitleTest -->
  <testcase classname="com.facebook.qa.testcases.HomePageTest" name="verifyUserNameTest" time="0.032"/>
  <testcase classname="com.facebook.qa.testcases.HomePageTest" name="verifyFriendsLinkTest" time="0.42"/>
  <testcase classname="com.facebook.qa.testcases.FriendsPageTest" name="friendsPageTitleTest" time="0.008">
    <failure type="java.lang.AssertionError" message="Title not match expected [Friends | Facebook] but found [(1) Friends | Facebook]">
      <![CDATA[java.lang.AssertionError: Title not match expected [Friends | Facebook] but found [(1) Friends | Facebook]
at com.facebook.qa.testcases.FriendsPageTest.friendsPageTitleTest(FriendsPageTest.java:40)
at java.base/java.util.ArrayList.forEach(ArrayList.java:1511)
... Removed 32 stack frames]]>
    </failure>
  </testcase> <!-- friendsPageTitleTest -->
  <testcase classname="com.facebook.qa.testcases.FriendsPageTest" name="verifyfriendslabelTest" time="0.051"/>
  <testcase classname="com.facebook.qa.testcases.FriendsPageTest" name="verifysearchboxlink" time="0.533"/>
</testsuite> <!-- Test -->
