<?xml version="1.0" encoding="UTF-8"?>
<testng-results ignored="0" total="9" passed="8" failed="1" skipped="0">
  <reporter-output>
  </reporter-output>
  <suite started-at="2024-03-02T02:18:32Z" name="POMTest Suite" finished-at="2024-03-02T02:20:12Z" duration-ms="99948">
    <groups>
    </groups>
    <test started-at="2024-03-02T02:18:32Z" name="Test" finished-at="2024-03-02T02:20:12Z" duration-ms="99948">
      <class name="com.facebook.qa.testcases.FLoginPageTest">
        <test-method is-config="true" signature="setUp()[pri:0, instance:com.facebook.qa.testcases.FLoginPageTest@117e949d]" started-at="2024-03-01T21:18:32Z" name="setUp" finished-at="2024-03-01T21:18:38Z" duration-ms="6135" status="PASS">
          <reporter-output>
          </reporter-output>
        </test-method> <!-- setUp -->
        <test-method signature="loginPageTitleTest()[pri:1, instance:com.facebook.qa.testcases.FLoginPageTest@117e949d]" started-at="2024-03-01T21:18:38Z" name="loginPageTitleTest" finished-at="2024-03-01T21:18:38Z" duration-ms="17" status="PASS">
          <reporter-output>
          </reporter-output>
        </test-method> <!-- loginPageTitleTest -->
        <test-method is-config="true" signature="tearDown()[pri:0, instance:com.facebook.qa.testcases.FLoginPageTest@117e949d]" started-at="2024-03-01T21:18:38Z" name="tearDown" finished-at="2024-03-01T21:18:39Z" duration-ms="1262" status="PASS">
          <reporter-output>
          </reporter-output>
        </test-method> <!-- tearDown -->
        <test-method is-config="true" signature="setUp()[pri:0, instance:com.facebook.qa.testcases.FLoginPageTest@117e949d]" started-at="2024-03-01T21:19:06Z" name="setUp" finished-at="2024-03-01T21:19:11Z" duration-ms="4672" status="PASS">
          <reporter-output>
          </reporter-output>
        </test-method> <!-- setUp -->
        <test-method signature="facebookLogoImageTest()[pri:2, instance:com.facebook.qa.testcases.FLoginPageTest@117e949d]" started-at="2024-03-01T21:19:11Z" name="facebookLogoImageTest" finished-at="2024-03-01T21:19:11Z" duration-ms="54" status="PASS">
          <reporter-output>
          </reporter-output>
        </test-method> <!-- facebookLogoImageTest -->
        <test-method is-config="true" signature="tearDown()[pri:0, instance:com.facebook.qa.testcases.FLoginPageTest@117e949d]" started-at="2024-03-01T21:19:11Z" name="tearDown" finished-at="2024-03-01T21:19:12Z" duration-ms="1134" status="PASS">
          <reporter-output>
          </reporter-output>
        </test-method> <!-- tearDown -->
        <test-method is-config="true" signature="setUp()[pri:0, instance:com.facebook.qa.testcases.FLoginPageTest@117e949d]" started-at="2024-03-01T21:19:39Z" name="setUp" finished-at="2024-03-01T21:19:43Z" duration-ms="4225" status="PASS">
          <reporter-output>
          </reporter-output>
        </test-method> <!-- setUp -->
        <test-method signature="loginTest()[pri:3, instance:com.facebook.qa.testcases.FLoginPageTest@117e949d]" started-at="2024-03-01T21:19:43Z" name="loginTest" finished-at="2024-03-01T21:19:44Z" duration-ms="146" status="PASS">
          <reporter-output>
          </reporter-output>
        </test-method> <!-- loginTest -->
        <test-method is-config="true" signature="tearDown()[pri:0, instance:com.facebook.qa.testcases.FLoginPageTest@117e949d]" started-at="2024-03-01T21:19:44Z" name="tearDown" finished-at="2024-03-01T21:19:45Z" duration-ms="1106" status="PASS">
          <reporter-output>
          </reporter-output>
        </test-method> <!-- tearDown -->
      </class> <!-- com.facebook.qa.testcases.FLoginPageTest -->
      <class name="com.facebook.qa.testcases.FriendsPageTest">
        <test-method is-config="true" signature="setUp()[pri:0, instance:com.facebook.qa.testcases.FriendsPageTest@5f8edcc5]" started-at="2024-03-01T21:18:50Z" name="setUp" finished-at="2024-03-01T21:19:05Z" duration-ms="14841" status="PASS">
          <reporter-output>
          </reporter-output>
        </test-method> <!-- setUp -->
        <test-method signature="friendsPageTitleTest()[pri:1, instance:com.facebook.qa.testcases.FriendsPageTest@5f8edcc5]" started-at="2024-03-01T21:19:05Z" name="friendsPageTitleTest" finished-at="2024-03-01T21:19:05Z" duration-ms="6" status="PASS">
          <reporter-output>
          </reporter-output>
        </test-method> <!-- friendsPageTitleTest -->
        <test-method is-config="true" signature="tearDown()[pri:0, instance:com.facebook.qa.testcases.FriendsPageTest@5f8edcc5]" started-at="2024-03-01T21:19:05Z" name="tearDown" finished-at="2024-03-01T21:19:06Z" duration-ms="1291" status="PASS">
          <reporter-output>
          </reporter-output>
        </test-method> <!-- tearDown -->
        <test-method is-config="true" signature="setUp()[pri:0, instance:com.facebook.qa.testcases.FriendsPageTest@5f8edcc5]" started-at="2024-03-01T21:19:23Z" name="setUp" finished-at="2024-03-01T21:19:38Z" duration-ms="14731" status="PASS">
          <reporter-output>
          </reporter-output>
        </test-method> <!-- setUp -->
        <test-method signature="verifyfriendslabelTest()[pri:2, instance:com.facebook.qa.testcases.FriendsPageTest@5f8edcc5]" started-at="2024-03-01T21:19:38Z" name="verifyfriendslabelTest" finished-at="2024-03-01T21:19:38Z" duration-ms="106" status="PASS">
          <reporter-output>
          </reporter-output>
        </test-method> <!-- verifyfriendslabelTest -->
        <test-method is-config="true" signature="tearDown()[pri:0, instance:com.facebook.qa.testcases.FriendsPageTest@5f8edcc5]" started-at="2024-03-01T21:19:38Z" name="tearDown" finished-at="2024-03-01T21:19:39Z" duration-ms="1320" status="PASS">
          <reporter-output>
          </reporter-output>
        </test-method> <!-- tearDown -->
        <test-method is-config="true" signature="setUp()[pri:0, instance:com.facebook.qa.testcases.FriendsPageTest@5f8edcc5]" started-at="2024-03-01T21:19:56Z" name="setUp" finished-at="2024-03-01T21:20:11Z" duration-ms="14980" status="PASS">
          <reporter-output>
          </reporter-output>
        </test-method> <!-- setUp -->
        <test-method signature="verifysearchboxlink()[pri:3, instance:com.facebook.qa.testcases.FriendsPageTest@5f8edcc5]" started-at="2024-03-01T21:20:11Z" name="verifysearchboxlink" finished-at="2024-03-01T21:20:11Z" duration-ms="51" status="PASS">
          <reporter-output>
          </reporter-output>
        </test-method> <!-- verifysearchboxlink -->
        <test-method is-config="true" signature="tearDown()[pri:0, instance:com.facebook.qa.testcases.FriendsPageTest@5f8edcc5]" started-at="2024-03-01T21:20:11Z" name="tearDown" finished-at="2024-03-01T21:20:12Z" duration-ms="1277" status="PASS">
          <reporter-output>
          </reporter-output>
        </test-method> <!-- tearDown -->
      </class> <!-- com.facebook.qa.testcases.FriendsPageTest -->
      <class name="com.facebook.qa.testcases.HomePageTest">
        <test-method is-config="true" signature="setUp()[pri:0, instance:com.facebook.qa.testcases.HomePageTest@6db9f5a4]" started-at="2024-03-01T21:18:39Z" name="setUp" finished-at="2024-03-01T21:18:49Z" duration-ms="9480" status="PASS">
          <reporter-output>
          </reporter-output>
        </test-method> <!-- setUp -->
        <test-method signature="verifyHomePageTitleTest()[pri:1, instance:com.facebook.qa.testcases.HomePageTest@6db9f5a4]" started-at="2024-03-01T21:18:49Z" name="verifyHomePageTitleTest" finished-at="2024-03-01T21:18:49Z" duration-ms="6" status="FAIL">
          <exception class="java.lang.AssertionError">
            <message>
              <![CDATA[Home page title not matched expected [Facebook] but found [(1) Facebook]]]>
            </message>
            <full-stacktrace>
              <![CDATA[java.lang.AssertionError: Home page title not matched expected [Facebook] but found [(1) Facebook]
	at org.testng.Assert.fail(Assert.java:93)
	at org.testng.Assert.failNotEquals(Assert.java:512)
	at org.testng.Assert.assertEqualsImpl(Assert.java:134)
	at org.testng.Assert.assertEquals(Assert.java:115)
	at org.testng.Assert.assertEquals(Assert.java:189)
	at com.facebook.qa.testcases.HomePageTest.verifyHomePageTitleTest(HomePageTest.java:38)
	at java.base/jdk.internal.reflect.NativeMethodAccessorImpl.invoke0(Native Method)
	at java.base/jdk.internal.reflect.NativeMethodAccessorImpl.invoke(NativeMethodAccessorImpl.java:77)
	at java.base/jdk.internal.reflect.DelegatingMethodAccessorImpl.invoke(DelegatingMethodAccessorImpl.java:43)
	at java.base/java.lang.reflect.Method.invoke(Method.java:568)
	at org.testng.internal.MethodInvocationHelper.invokeMethod(MethodInvocationHelper.java:108)
	at org.testng.internal.Invoker.invokeMethod(Invoker.java:661)
	at org.testng.internal.Invoker.invokeTestMethod(Invoker.java:869)
	at org.testng.internal.Invoker.invokeTestMethods(Invoker.java:1193)
	at org.testng.internal.TestMethodWorker.invokeTestMethods(TestMethodWorker.java:126)
	at org.testng.internal.TestMethodWorker.run(TestMethodWorker.java:109)
	at org.testng.TestRunner.privateRun(TestRunner.java:744)
	at org.testng.TestRunner.run(TestRunner.java:602)
	at org.testng.SuiteRunner.runTest(SuiteRunner.java:380)
	at org.testng.SuiteRunner.runSequentially(SuiteRunner.java:375)
	at org.testng.SuiteRunner.privateRun(SuiteRunner.java:340)
	at org.testng.SuiteRunner.run(SuiteRunner.java:289)
	at org.testng.SuiteRunnerWorker.runSuite(SuiteRunnerWorker.java:52)
	at org.testng.SuiteRunnerWorker.run(SuiteRunnerWorker.java:86)
	at org.testng.TestNG.runSuitesSequentially(TestNG.java:1301)
	at org.testng.TestNG.runSuitesLocally(TestNG.java:1226)
	at org.testng.TestNG.runSuites(TestNG.java:1144)
	at org.testng.TestNG.run(TestNG.java:1115)
	at org.testng.remote.AbstractRemoteTestNG.run(AbstractRemoteTestNG.java:115)
	at org.testng.remote.RemoteTestNG.initAndRun(RemoteTestNG.java:251)
	at org.testng.remote.RemoteTestNG.main(RemoteTestNG.java:77)
]]>
            </full-stacktrace>
          </exception> <!-- java.lang.AssertionError -->
          <reporter-output>
          </reporter-output>
        </test-method> <!-- verifyHomePageTitleTest -->
        <test-method is-config="true" signature="tearDown()[pri:0, instance:com.facebook.qa.testcases.HomePageTest@6db9f5a4]" started-at="2024-03-01T21:18:49Z" name="tearDown" finished-at="2024-03-01T21:18:50Z" duration-ms="1113" status="PASS">
          <reporter-output>
          </reporter-output>
        </test-method> <!-- tearDown -->
        <test-method is-config="true" signature="setUp()[pri:0, instance:com.facebook.qa.testcases.HomePageTest@6db9f5a4]" started-at="2024-03-01T21:19:12Z" name="setUp" finished-at="2024-03-01T21:19:21Z" duration-ms="9379" status="PASS">
          <reporter-output>
          </reporter-output>
        </test-method> <!-- setUp -->
        <test-method signature="verifyUserNameTest()[pri:2, instance:com.facebook.qa.testcases.HomePageTest@6db9f5a4]" started-at="2024-03-01T21:19:21Z" name="verifyUserNameTest" finished-at="2024-03-01T21:19:22Z" duration-ms="141" status="PASS">
          <reporter-output>
          </reporter-output>
        </test-method> <!-- verifyUserNameTest -->
        <test-method is-config="true" signature="tearDown()[pri:0, instance:com.facebook.qa.testcases.HomePageTest@6db9f5a4]" started-at="2024-03-01T21:19:22Z" name="tearDown" finished-at="2024-03-01T21:19:23Z" duration-ms="1423" status="PASS">
          <reporter-output>
          </reporter-output>
        </test-method> <!-- tearDown -->
        <test-method is-config="true" signature="setUp()[pri:0, instance:com.facebook.qa.testcases.HomePageTest@6db9f5a4]" started-at="2024-03-01T21:19:45Z" name="setUp" finished-at="2024-03-01T21:19:54Z" duration-ms="9174" status="PASS">
          <reporter-output>
          </reporter-output>
        </test-method> <!-- setUp -->
        <test-method signature="verifyFriendsLinkTest()[pri:3, instance:com.facebook.qa.testcases.HomePageTest@6db9f5a4]" started-at="2024-03-01T21:19:54Z" name="verifyFriendsLinkTest" finished-at="2024-03-01T21:19:54Z" duration-ms="589" status="PASS">
          <reporter-output>
          </reporter-output>
        </test-method> <!-- verifyFriendsLinkTest -->
        <test-method is-config="true" signature="tearDown()[pri:0, instance:com.facebook.qa.testcases.HomePageTest@6db9f5a4]" started-at="2024-03-01T21:19:54Z" name="tearDown" finished-at="2024-03-01T21:19:56Z" duration-ms="1252" status="PASS">
          <reporter-output>
          </reporter-output>
        </test-method> <!-- tearDown -->
      </class> <!-- com.facebook.qa.testcases.HomePageTest -->
    </test> <!-- Test -->
  </suite> <!-- POMTest Suite -->
</testng-results>
